#
# A fatal error has been detected by the Java Runtime Environment:
#
#  SIGSEGV (0xb) at pc=0x00007f77b8efb430, pid=7962, tid=0x00007f7722b79700
#
# JRE version: Java(TM) SE Runtime Environment (8.0_191-b12) (build 1.8.0_191-b12)
# Java VM: Java HotSpot(TM) 64-Bit Server VM (25.191-b12 mixed mode linux-amd64 compressed oops)
# Problematic frame:
# C  0x00007f77b8efb430
#
# Failed to write core dump. Core dumps have been disabled. To enable core dumping, try "ulimit -c unlimited" before starting Java again
#
# If you would like to submit a bug report, please visit:
#   http://bugreport.java.com/bugreport/crash.jsp
#

---------------  T H R E A D  ---------------

Current thread (0x00007f7748311800):  JavaThread "AWT-EventQueue-0" [_thread_in_Java, id=7983, stack(0x00007f7722a79000,0x00007f7722b7a000)]

siginfo: si_signo: 11 (SIGSEGV), si_code: 1 (SEGV_MAPERR), si_addr: 0x00007f77b8efb430

Registers:
RAX=0xffffffffffffffff, RBX=0x00007f772b8ea7e0, RCX=0x00000000d8e6a9b8, RDX=0x00000000d8e6a908
RSP=0x00007f7722b776c8, RBP=0x00000000d8e6a908, RSI=0x00000000d8e6a908, RDI=0x00000000d8e6a9b8
R8 =0x0000000000000000, R9 =0x0000000000000000, R10=0x00007f7720e89760, R11=0x00007f772b800640
R12=0x0000000000000000, R13=0x00007f7722b77748, R14=0x000000010001c030, R15=0x00007f7748311800
RIP=0x00007f77b8efb430, EFLAGS=0x0000000000010283, CSGSFS=0x002b000000000033, ERR=0x0000000000000014
  TRAPNO=0x000000000000000e

Top of Stack: (sp=0x00007f7722b776c8)
0x00007f7722b776c8:   00007f77391aea94 00000000d8e6a988
0x00007f7722b776d8:   0000000000000000 00007f7722b776f8
0x00007f7722b776e8:   00000000d8e6a9b8 00007f7738dec2bd
0x00007f7722b776f8:   00000000d8e6a9b8 00000000d8e6a908
0x00007f7722b77708:   00007f772bff9319 00007f7722b77750
0x00007f7722b77718:   00007f7720e90f58 0000000000000000
0x00007f7722b77728:   00007f772bff9330 00007f7722b777a0
0x00007f7722b77738:   00007f7738dec114 00007f7738dec114
0x00007f7722b77748:   00000000d8e6a9b8 00000000d8e6a908
0x00007f7722b77758:   00000000d8e6a988 00007f7722b77760
0x00007f7722b77768:   00007f772bff65ca 00007f7722b77808
0x00007f7722b77778:   00007f7720e45ef8 0000000000000000
0x00007f7722b77788:   00007f772bff6720 00007f7722b77748
0x00007f7722b77798:   00007f7722b77800 00007f7722b77850
0x00007f7722b777a8:   00007f7738dec040 0000000000000000
0x00007f7722b777b8:   0000000000000000 0000000000000000
0x00007f7722b777c8:   0000000000000000 0000000000000000
0x00007f7722b777d8:   00000000d8e6a9b8 0000000000000000
0x00007f7722b777e8:   0000000000000001 00000000d8e6a988
0x00007f7722b777f8:   0000000000000000 00000000d8e6a908
0x00007f7722b77808:   00000000d8e69a10 00007f7722b77810
0x00007f7722b77818:   00007f772bff798d 00007f7722b778a8
0x00007f7722b77828:   00007f7720e45ef8 0000000000000000
0x00007f7722b77838:   00007f772bff7ac8 00007f7722b77800
0x00007f7722b77848:   00007f7722b77898 00007f7722b778f0
0x00007f7722b77858:   00007f7738dec040 0000000000000000
0x00007f7722b77868:   0000000000000000 0000000000000000
0x00007f7722b77878:   0000000000000000 00000000d8e6a908
0x00007f7722b77888:   0000000000000000 0000000000000000
0x00007f7722b77898:   00000000d8e69e88 00000000d8e69ef8
0x00007f7722b778a8:   00000000d8e69a10 00007f7722b778b0
0x00007f7722b778b8:   00007f772bff777c 00007f7722b77920 

Instructions: (pc=0x00007f77b8efb430)
0x00007f77b8efb410:   
[error occurred during error reporting (printing registers, top of stack, instructions near pc), id 0xb]

Register to memory mapping:

RAX=0xffffffffffffffff is an unknown value
RBX={method} {0x00007f772b8ea7e0} 'put' '(Ljava/lang/Object;Ljava/lang/Object;)Ljava/lang/Object;' in 'java/util/HashMap'
RCX=0x00000000d8e6a9b8 is an oop
com.google.gson.Gson$FutureTypeAdapter 
 - klass: 'com/google/gson/Gson$FutureTypeAdapter'
RDX=0x00000000d8e6a908 is an oop
com.google.gson.reflect.TypeToken 
 - klass: 'com/google/gson/reflect/TypeToken'
RSP=0x00007f7722b776c8 is pointing into the stack for thread: 0x00007f7748311800
RBP=0x00000000d8e6a908 is an oop
com.google.gson.reflect.TypeToken 
 - klass: 'com/google/gson/reflect/TypeToken'
RSI=0x00000000d8e6a908 is an oop
com.google.gson.reflect.TypeToken 
 - klass: 'com/google/gson/reflect/TypeToken'
RDI=0x00000000d8e6a9b8 is an oop
com.google.gson.Gson$FutureTypeAdapter 
 - klass: 'com/google/gson/Gson$FutureTypeAdapter'
R8 =0x0000000000000000 is an unknown value
R9 =0x0000000000000000 is an unknown value
R10={method} {0x00007f7720e89760} 'hashCode' '()I' in 'com/google/gson/reflect/TypeToken'
R11={method} {0x00007f772b800640} 'hashCode' '()I' in 'java/lang/Object'
R12=0x0000000000000000 is an unknown value
R13=0x00007f7722b77748 is pointing into the stack for thread: 0x00007f7748311800
R14=0x000000010001c030 is pointing into metadata
R15=0x00007f7748311800 is a thread


Stack: [0x00007f7722a79000,0x00007f7722b7a000],  sp=0x00007f7722b776c8,  free space=1017k
Native frames: (J=compiled Java code, j=interpreted, Vv=VM code, C=native code)
C  0x00007f77b8efb430


---------------  P R O C E S S  ---------------

Java Threads: ( => current thread )
  0x00007f76e0216000 JavaThread "Keep-Alive-Timer" daemon [_thread_blocked, id=7989, stack(0x00007f7721a67000,0x00007f7721b68000)]
  0x00007f76e009b800 JavaThread "TimerQueue" daemon [_thread_blocked, id=7987, stack(0x00007f7721f8a000,0x00007f772208b000)]
  0x00007f76e005d800 JavaThread "Image Fetcher 2" daemon [_thread_blocked, id=7986, stack(0x00007f772236c000,0x00007f772246d000)]
  0x00007f76e005b800 JavaThread "Image Fetcher 1" daemon [_thread_blocked, id=7985, stack(0x00007f772246d000,0x00007f772256e000)]
  0x00007f76e0059000 JavaThread "Image Fetcher 0" daemon [_thread_blocked, id=7984, stack(0x00007f7722578000,0x00007f7722679000)]
  0x00007f774800b000 JavaThread "DestroyJavaVM" [_thread_blocked, id=7964, stack(0x00007f774eeab000,0x00007f774efab000)]
=>0x00007f7748311800 JavaThread "AWT-EventQueue-0" [_thread_in_Java, id=7983, stack(0x00007f7722a79000,0x00007f7722b7a000)]
  0x00007f7748308800 JavaThread "AWT-Shutdown" [_thread_blocked, id=7982, stack(0x00007f7722b7a000,0x00007f7722c7b000)]
  0x00007f774826e000 JavaThread "AWT-XAWT" daemon [_thread_in_native, id=7981, stack(0x00007f77230a4000,0x00007f77231a5000)]
  0x00007f774823d800 JavaThread "Java2D Disposer" daemon [_thread_blocked, id=7980, stack(0x00007f7728057000,0x00007f7728158000)]
  0x00007f77480c1800 JavaThread "Service Thread" daemon [_thread_blocked, id=7978, stack(0x00007f772991c000,0x00007f7729a1d000)]
  0x00007f77480be800 JavaThread "C1 CompilerThread2" daemon [_thread_blocked, id=7977, stack(0x00007f7729a1e000,0x00007f7729b1e000)]
  0x00007f77480bc800 JavaThread "C2 CompilerThread1" daemon [_thread_blocked, id=7976, stack(0x00007f7729b1f000,0x00007f7729c1f000)]
  0x00007f77480ba000 JavaThread "C2 CompilerThread0" daemon [_thread_in_native, id=7975, stack(0x00007f7729c20000,0x00007f7729d20000)]
  0x00007f77480b8800 JavaThread "Signal Dispatcher" daemon [_thread_blocked, id=7974, stack(0x00007f7729d20000,0x00007f7729e21000)]
  0x00007f7748085800 JavaThread "Finalizer" daemon [_thread_blocked, id=7973, stack(0x00007f772a7f0000,0x00007f772a8f1000)]
  0x00007f7748083000 JavaThread "Reference Handler" daemon [_thread_blocked, id=7972, stack(0x00007f772a8f1000,0x00007f772a9f2000)]

Other Threads:
  0x00007f7748079000 VMThread [stack: 0x00007f772a9f3000,0x00007f772aaf3000] [id=7971]
  0x00007f77480c6800 WatcherThread [stack: 0x00007f772981c000,0x00007f772991c000] [id=7979]

VM state:not at safepoint (normal execution)

VM Mutex/Monitor currently owned by a thread: None

Heap:
 PSYoungGen      total 35840K, used 18029K [0x00000000d8200000, 0x00000000daa00000, 0x0000000100000000)
  eden space 30720K, 42% used [0x00000000d8200000,0x00000000d8e9cdf8,0x00000000da000000)
  from space 5120K, 99% used [0x00000000da000000,0x00000000da4fe810,0x00000000da500000)
  to   space 5120K, 0% used [0x00000000da500000,0x00000000da500000,0x00000000daa00000)
 ParOldGen       total 81920K, used 616K [0x0000000088600000, 0x000000008d600000, 0x00000000d8200000)
  object space 81920K, 0% used [0x0000000088600000,0x000000008869a128,0x000000008d600000)
 Metaspace       used 19880K, capacity 20156K, committed 20480K, reserved 1067008K
  class space    used 2413K, capacity 2502K, committed 2560K, reserved 1048576K

Card table byte_map: [0x00007f7738666000,0x00007f7738a24000] byte_map_base: 0x00007f7738223000

Marking Bits: (ParMarkBitMap*) 0x00007f774e35dd40
 Begin Bits: [0x00007f7730430000, 0x00007f7732218000)
 End Bits:   [0x00007f7732218000, 0x00007f7734000000)

Polling page: 0x00007f774efcb000

CodeCache: size=245760Kb used=5983Kb max_used=5995Kb free=239776Kb
 bounds [0x00007f7738de4000, 0x00007f77393c4000, 0x00007f7747de4000]
 total_blobs=2409 nmethods=1792 adapters=531
 compilation: enabled

Compilation events (10 events):
Event: 5,184 Thread 0x00007f77480ba000 1790       4       com.sun.crypto.provider.GaloisCounterMode::increment32 (49 bytes)
Event: 5,185 Thread 0x00007f77480bc800 1791       4       com.sun.crypto.provider.GHASH::processBlock (63 bytes)
Event: 5,191 Thread 0x00007f77480ba000 nmethod 1790 0x00007f77393bdc90 code [0x00007f77393bdde0, 0x00007f77393bded8]
Event: 5,191 Thread 0x00007f77480ba000 1793 %     4       sun.nio.cs.UTF_8$Decoder::decodeArrayLoop @ 73 (691 bytes)
Event: 5,201 Thread 0x00007f77480bc800 nmethod 1791 0x00007f77393bd3d0 code [0x00007f77393bd520, 0x00007f77393bdb38]
Event: 5,201 Thread 0x00007f77480bc800 1792 %     4       com.sun.crypto.provider.GCTR::update @ 99 (158 bytes)
Event: 5,214 Thread 0x00007f77480bc800 nmethod 1792% 0x00007f77393bc690 code [0x00007f77393bc820, 0x00007f77393bcf68]
Event: 5,226 Thread 0x00007f77480ba000 nmethod 1793% 0x00007f77393c1b50 code [0x00007f77393c1e00, 0x00007f77393c2f20]
Event: 5,366 Thread 0x00007f77480bc800 1794       4       com.sun.crypto.provider.GCTR::update (158 bytes)
Event: 5,367 Thread 0x00007f77480ba000 1795       4       sun.nio.cs.UTF_8$Decoder::decodeArrayLoop (691 bytes)

GC Heap History (2 events):
Event: 2,479 GC heap before
{Heap before GC invocations=1 (full 0):
 PSYoungGen      total 35840K, used 30720K [0x00000000d8200000, 0x00000000daa00000, 0x0000000100000000)
  eden space 30720K, 100% used [0x00000000d8200000,0x00000000da000000,0x00000000da000000)
  from space 5120K, 0% used [0x00000000da500000,0x00000000da500000,0x00000000daa00000)
  to   space 5120K, 0% used [0x00000000da000000,0x00000000da000000,0x00000000da500000)
 ParOldGen       total 81920K, used 0K [0x0000000088600000, 0x000000008d600000, 0x00000000d8200000)
  object space 81920K, 0% used [0x0000000088600000,0x0000000088600000,0x000000008d600000)
 Metaspace       used 17990K, capacity 18270K, committed 18560K, reserved 1064960K
  class space    used 2198K, capacity 2305K, committed 2432K, reserved 1048576K
Event: 2,495 GC heap after
Heap after GC invocations=1 (full 0):
 PSYoungGen      total 35840K, used 5114K [0x00000000d8200000, 0x00000000daa00000, 0x0000000100000000)
  eden space 30720K, 0% used [0x00000000d8200000,0x00000000d8200000,0x00000000da000000)
  from space 5120K, 99% used [0x00000000da000000,0x00000000da4fe810,0x00000000da500000)
  to   space 5120K, 0% used [0x00000000da500000,0x00000000da500000,0x00000000daa00000)
 ParOldGen       total 81920K, used 616K [0x0000000088600000, 0x000000008d600000, 0x00000000d8200000)
  object space 81920K, 0% used [0x0000000088600000,0x000000008869a128,0x000000008d600000)
 Metaspace       used 17990K, capacity 18270K, committed 18560K, reserved 1064960K
  class space    used 2198K, capacity 2305K, committed 2432K, reserved 1048576K
}

Deoptimization events (10 events):
Event: 3,259 Thread 0x00007f7748311800 Uncommon trap: reason=class_check action=maybe_recompile pc=0x00007f77392bf22c method=java.lang.Character.toUpperCaseEx(I)I @ 26
Event: 3,260 Thread 0x00007f7748311800 Uncommon trap: reason=class_check action=maybe_recompile pc=0x00007f77392bf22c method=java.lang.Character.toUpperCaseEx(I)I @ 26
Event: 3,260 Thread 0x00007f7748311800 Uncommon trap: reason=unstable_if action=reinterpret pc=0x00007f77391d7648 method=java.lang.String.toLowerCase(Ljava/util/Locale;)Ljava/lang/String; @ 226
Event: 3,260 Thread 0x00007f7748311800 Uncommon trap: reason=bimorphic action=maybe_recompile pc=0x00007f773929fa6c method=java.util.Hashtable.put(Ljava/lang/Object;Ljava/lang/Object;)Ljava/lang/Object; @ 60
Event: 3,261 Thread 0x00007f7748311800 Uncommon trap: reason=bimorphic action=maybe_recompile pc=0x00007f773929fa6c method=java.util.Hashtable.put(Ljava/lang/Object;Ljava/lang/Object;)Ljava/lang/Object; @ 60
Event: 3,261 Thread 0x00007f7748311800 Uncommon trap: reason=bimorphic action=maybe_recompile pc=0x00007f773929fa6c method=java.util.Hashtable.put(Ljava/lang/Object;Ljava/lang/Object;)Ljava/lang/Object; @ 60
Event: 3,261 Thread 0x00007f7748311800 Uncommon trap: reason=bimorphic action=maybe_recompile pc=0x00007f773929fa6c method=java.util.Hashtable.put(Ljava/lang/Object;Ljava/lang/Object;)Ljava/lang/Object; @ 60
Event: 3,270 Thread 0x00007f7748311800 Uncommon trap: reason=class_check action=maybe_recompile pc=0x00007f77392bf22c method=java.lang.Character.toUpperCaseEx(I)I @ 26
Event: 3,271 Thread 0x00007f7748311800 Uncommon trap: reason=class_check action=maybe_recompile pc=0x00007f77392bf22c method=java.lang.Character.toUpperCaseEx(I)I @ 26
Event: 3,275 Thread 0x00007f7748311800 Uncommon trap: reason=unstable_if action=reinterpret pc=0x00007f773927932c method=java.util.Arrays.equals([B[B)Z @ 41

Classes redefined (0 events):
No events

Internal exceptions (10 events):
Event: 0,764 Thread 0x00007f774800b000 Exception <a 'java/lang/ClassNotFoundException': TreeCell> (0x00000000d8713210) thrown at [/HUDSON/workspace/8-2-build-linux-amd64/jdk8u191/11894/hotspot/src/share/vm/classfile/systemDictionary.cpp, line 210]
Event: 0,765 Thread 0x00007f774800b000 Exception <a 'java/lang/ClassNotFoundException': RootPane> (0x00000000d8713bc8) thrown at [/HUDSON/workspace/8-2-build-linux-amd64/jdk8u191/11894/hotspot/src/share/vm/classfile/systemDictionary.cpp, line 210]
Event: 0,838 Thread 0x00007f7748311800 Implicit null exception at 0x00007f7738fbb136 to 0x00007f7738fbb4e5
Event: 3,846 Thread 0x00007f7748311800 Exception <a 'java/lang/ArrayIndexOutOfBoundsException': 18> (0x00000000d8bbb5c0) thrown at [/HUDSON/workspace/8-2-build-linux-amd64/jdk8u191/11894/hotspot/src/share/vm/interpreter/interpreterRuntime.cpp, line 366]
Event: 3,846 Thread 0x00007f7748311800 Exception <a 'java/lang/ArrayIndexOutOfBoundsException': 69> (0x00000000d8bbc7c0) thrown at [/HUDSON/workspace/8-2-build-linux-amd64/jdk8u191/11894/hotspot/src/share/vm/interpreter/interpreterRuntime.cpp, line 366]
Event: 3,847 Thread 0x00007f7748311800 Exception <a 'java/lang/ArrayIndexOutOfBoundsException': 67> (0x00000000d8bbf788) thrown at [/HUDSON/workspace/8-2-build-linux-amd64/jdk8u191/11894/hotspot/src/share/vm/interpreter/interpreterRuntime.cpp, line 366]
Event: 3,848 Thread 0x00007f7748311800 Exception <a 'java/lang/ArrayIndexOutOfBoundsException'> (0x00000000d8bc0698) thrown at [/HUDSON/workspace/8-2-build-linux-amd64/jdk8u191/11894/hotspot/src/share/vm/runtime/sharedRuntime.cpp, line 605]
Event: 3,854 Thread 0x00007f7748311800 Exception <a 'java/lang/ArrayIndexOutOfBoundsException'> (0x00000000d8bdd9b8) thrown at [/HUDSON/workspace/8-2-build-linux-amd64/jdk8u191/11894/hotspot/src/share/vm/runtime/sharedRuntime.cpp, line 605]
Event: 4,072 Thread 0x00007f7748311800 Exception <a 'java/lang/ArrayIndexOutOfBoundsException'> (0x00000000d8c0f8e8) thrown at [/HUDSON/workspace/8-2-build-linux-amd64/jdk8u191/11894/hotspot/src/share/vm/runtime/sharedRuntime.cpp, line 605]
Event: 4,698 Thread 0x00007f7748311800 Exception <a 'java/lang/ArrayIndexOutOfBoundsException'> (0x00000000d8ce0338) thrown at [/HUDSON/workspace/8-2-build-linux-amd64/jdk8u191/11894/hotspot/src/share/vm/runtime/sharedRuntime.cpp, line 605]

Events (10 events):
Event: 4,695 Thread 0x00007f7748311800 DEOPT PACKING pc=0x00007f7738ef88d0 sp=0x00007f7722b77330
Event: 4,695 Thread 0x00007f7748311800 DEOPT UNPACKING pc=0x00007f7738e2b384 sp=0x00007f7722b770d8 mode 0
Event: 4,697 loading class controller/ControllerModelo$1
Event: 4,697 loading class controller/ControllerModelo$1 done
Event: 4,698 loading class modelo/Modelo
Event: 4,698 loading class modelo/Modelo done
Event: 5,365 Thread 0x00007f7748311800 DEOPT PACKING pc=0x00007f77393b8a24 sp=0x00007f7722b76910
Event: 5,365 Thread 0x00007f7748311800 DEOPT UNPACKING pc=0x00007f7738e2b384 sp=0x00007f7722b76698 mode 0
Event: 5,367 Thread 0x00007f7748311800 DEOPT PACKING pc=0x00007f773938713b sp=0x00007f7722b772f0
Event: 5,367 Thread 0x00007f7748311800 DEOPT UNPACKING pc=0x00007f7738e2b384 sp=0x00007f7722b77128 mode 0


Dynamic libraries:
00400000-00401000 r-xp 00000000 08:05 7509528                            /usr/lib/jvm/java-8-oracle/bin/java
00600000-00601000 r--p 00000000 08:05 7509528                            /usr/lib/jvm/java-8-oracle/bin/java
00601000-00602000 rw-p 00001000 08:05 7509528                            /usr/lib/jvm/java-8-oracle/bin/java
01b9f000-01bc0000 rw-p 00000000 00:00 0                                  [heap]
88600000-8d600000 rw-p 00000000 00:00 0 
8d600000-d8200000 ---p 00000000 00:00 0 
d8200000-daa00000 rw-p 00000000 00:00 0 
daa00000-100000000 ---p 00000000 00:00 0 
100000000-100280000 rw-p 00000000 00:00 0 
100280000-140000000 ---p 00000000 00:00 0 
7f76d0000000-7f76d0021000 rw-p 00000000 00:00 0 
7f76d0021000-7f76d4000000 ---p 00000000 00:00 0 
7f76d4000000-7f76d4021000 rw-p 00000000 00:00 0 
7f76d4021000-7f76d8000000 ---p 00000000 00:00 0 
7f76d8000000-7f76d8021000 rw-p 00000000 00:00 0 
7f76d8021000-7f76dc000000 ---p 00000000 00:00 0 
7f76dc000000-7f76dc021000 rw-p 00000000 00:00 0 
7f76dc021000-7f76e0000000 ---p 00000000 00:00 0 
7f76e0000000-7f76e04b1000 rw-p 00000000 00:00 0 
7f76e04b1000-7f76e4000000 ---p 00000000 00:00 0 
7f76e4000000-7f76e405b000 rw-p 00000000 00:00 0 
7f76e405b000-7f76e8000000 ---p 00000000 00:00 0 
7f76e8000000-7f76e8021000 rw-p 00000000 00:00 0 
7f76e8021000-7f76ec000000 ---p 00000000 00:00 0 
7f76ec000000-7f76ec021000 rw-p 00000000 00:00 0 
7f76ec021000-7f76f0000000 ---p 00000000 00:00 0 
7f76f0fff000-7f76f4000000 rw-p 00000000 00:00 0 
7f76f4000000-7f76f4021000 rw-p 00000000 00:00 0 
7f76f4021000-7f76f8000000 ---p 00000000 00:00 0 
7f76f8000000-7f76f8021000 rw-p 00000000 00:00 0 
7f76f8021000-7f76fc000000 ---p 00000000 00:00 0 
7f76fc000000-7f76fc31c000 rw-p 00000000 00:00 0 
7f76fc31c000-7f7700000000 ---p 00000000 00:00 0 
7f7700000000-7f7700021000 rw-p 00000000 00:00 0 
7f7700021000-7f7704000000 ---p 00000000 00:00 0 
7f7704000000-7f7704272000 rw-p 00000000 00:00 0 
7f7704272000-7f7708000000 ---p 00000000 00:00 0 
7f7708000000-7f7708244000 rw-p 00000000 00:00 0 
7f7708244000-7f770c000000 ---p 00000000 00:00 0 
7f770c000000-7f770c021000 rw-p 00000000 00:00 0 
7f770c021000-7f7710000000 ---p 00000000 00:00 0 
7f7710000000-7f7710021000 rw-p 00000000 00:00 0 
7f7710021000-7f7714000000 ---p 00000000 00:00 0 
7f7714000000-7f7714021000 rw-p 00000000 00:00 0 
7f7714021000-7f7718000000 ---p 00000000 00:00 0 
7f7718000000-7f7718021000 rw-p 00000000 00:00 0 
7f7718021000-7f771c000000 ---p 00000000 00:00 0 
7f771c000000-7f771c021000 rw-p 00000000 00:00 0 
7f771c021000-7f7720000000 ---p 00000000 00:00 0 
7f7720d89000-7f7720f09000 rw-p 00000000 00:00 0 
7f7720f09000-7f7720f89000 ---p 00000000 00:00 0 
7f7720f89000-7f7720fa0000 r-xp 00000000 08:05 3288109                    /lib/x86_64-linux-gnu/libresolv-2.27.so
7f7720fa0000-7f77211a0000 ---p 00017000 08:05 3288109                    /lib/x86_64-linux-gnu/libresolv-2.27.so
7f77211a0000-7f77211a1000 r--p 00017000 08:05 3288109                    /lib/x86_64-linux-gnu/libresolv-2.27.so
7f77211a1000-7f77211a2000 rw-p 00018000 08:05 3288109                    /lib/x86_64-linux-gnu/libresolv-2.27.so
7f77211a2000-7f77211a4000 rw-p 00000000 00:00 0 
7f77211a4000-7f77211af000 r--s 00000000 08:05 6829153                    /var/cache/fontconfig/945677eb7aeaf62f1d50efc3fb3ec7d8-le64.cache-7
7f77211af000-7f77211b4000 r--s 00000000 08:05 6829124                    /var/cache/fontconfig/2300eef321c393bfd76478a5c0e95b23-le64.cache-7
7f77211b4000-7f77211b5000 r--s 00000000 08:05 6829117                    /var/cache/fontconfig/0d8c3b2ac0904cb8a57a757ad11a4a08-le64.cache-7
7f77211b5000-7f77211ca000 r--s 00000000 08:05 6829113                    /var/cache/fontconfig/04aabc0a78ac019cf9454389977116d2-le64.cache-7
7f77211ca000-7f77211cb000 r--s 00000000 08:05 6829121                    /var/cache/fontconfig/1ac9eb803944fde146138c791f5cc56a-le64.cache-7
7f77211cb000-7f77211cc000 r--s 00000000 08:05 6829172                    /var/cache/fontconfig/dc05db6664285cc2f12bf69c139ae4c3-le64.cache-7
7f77211cc000-7f77211ce000 r--s 00000000 08:05 6829118                    /var/cache/fontconfig/14a5e22175779b556eaa434240950366-le64.cache-7
7f77211ce000-7f77211cf000 r--s 00000000 08:05 6829145                    /var/cache/fontconfig/660208299946a285a940457d1287da33-le64.cache-7
7f77211cf000-7f77211d1000 r--s 00000000 08:05 6829136                    /var/cache/fontconfig/4f3e3037c9980c83b53a9351efadef62-le64.cache-7
7f77211d1000-7f77211d3000 r--s 00000000 08:05 6829150                    /var/cache/fontconfig/767a8244fc0220cfb567a839d0392e0b-le64.cache-7
7f77211d3000-7f77211d4000 r--s 00000000 08:05 6857105                    /var/cache/fontconfig/4794a0821666d79190d59a36cb4f44b5-le64.cache-7
7f77211d4000-7f77211d6000 r--s 00000000 08:05 6829115                    /var/cache/fontconfig/0bd3dc0958fa2205aaaa8ebb13e2872b-le64.cache-7
7f77211d6000-7f77211db000 r--s 00000000 08:05 6829173                    /var/cache/fontconfig/def309198bfa603429122923fa2bb2d4-le64.cache-7
7f77211db000-7f77211dc000 r--s 00000000 08:05 6829161                    /var/cache/fontconfig/b872e6e592da6075ffa4ab0a1fcc0c75-le64.cache-7
7f77211dc000-7f77211dd000 r--s 00000000 08:05 6829178                    /var/cache/fontconfig/f6d4eedfaab2589bde49f7a3ff831d22-le64.cache-7
7f77211dd000-7f77211de000 r--s 00000000 08:05 6829143                    /var/cache/fontconfig/589f83ef4c36d296ce6e1c846f468f08-le64.cache-7
7f77211de000-7f77211df000 r--s 00000000 08:05 6829163                    /var/cache/fontconfig/bab58bb527bb656aaa9f116d68a48d89-le64.cache-7
7f77211df000-7f77211e0000 r--s 00000000 08:05 6829122                    /var/cache/fontconfig/2171a34dccabdb6bcbbc728186263178-le64.cache-7
7f77211e0000-7f77211e1000 r--s 00000000 08:05 6829164                    /var/cache/fontconfig/c5c45a61289222e0d30b1a26ef4effbe-le64.cache-7
7f77211e1000-7f77211e2000 r--s 00000000 08:05 6829159                    /var/cache/fontconfig/aec30016f93e1b46d1a973dce0d74068-le64.cache-7
7f77211e2000-7f77211e3000 r--s 00000000 08:05 6829129                    /var/cache/fontconfig/3f589640d34b7dc9042c8d453f7c8b9c-le64.cache-7
7f77211e3000-7f77211e4000 r--s 00000000 08:05 6829119                    /var/cache/fontconfig/16c2fda60d1b4b719f4b3d06fd951d25-le64.cache-7
7f77211e4000-7f77211e9000 r--s 00000000 08:05 6842800                    /var/cache/fontconfig/9d2451b1fd30e5bffe8383fd27c35478-le64.cache-7
7f77211e9000-7f77211ef000 r--s 00000000 08:05 6829946                    /var/cache/fontconfig/3047814df9a2f067bd2d96a2b9c36e5a-le64.cache-7
7f77211ef000-7f77211f7000 r--s 00000000 08:05 6843637                    /var/cache/fontconfig/bf3b770c553c462765856025a94f1ce6-le64.cache-7
7f77211f7000-7f77211fd000 r--s 00000000 08:05 6829160                    /var/cache/fontconfig/b47c4e1ecd0709278f4910c18777a504-le64.cache-7
7f77211fd000-7f7721210000 r--s 00000000 08:05 6829169                    /var/cache/fontconfig/d52a8644073d54c13679302ca1180695-le64.cache-7
7f772140c000-7f7721411000 r-xp 00000000 08:05 3288058                    /lib/x86_64-linux-gnu/libnss_dns-2.27.so
7f7721411000-7f7721611000 ---p 00005000 08:05 3288058                    /lib/x86_64-linux-gnu/libnss_dns-2.27.so
7f7721611000-7f7721612000 r--p 00005000 08:05 3288058                    /lib/x86_64-linux-gnu/libnss_dns-2.27.so
7f7721612000-7f7721613000 rw-p 00006000 08:05 3288058                    /lib/x86_64-linux-gnu/libnss_dns-2.27.so
7f7721613000-7f7721618000 r--s 0003f000 08:05 7511136                    /usr/lib/jvm/java-8-oracle/jre/lib/ext/sunjce_provider.jar
7f7721618000-7f7721650000 r-xp 00000000 08:05 7511200                    /usr/lib/jvm/java-8-oracle/jre/lib/amd64/libsunec.so
7f7721650000-7f772184f000 ---p 00038000 08:05 7511200                    /usr/lib/jvm/java-8-oracle/jre/lib/amd64/libsunec.so
7f772184f000-7f7721854000 r--p 00037000 08:05 7511200                    /usr/lib/jvm/java-8-oracle/jre/lib/amd64/libsunec.so
7f7721854000-7f7721856000 rw-p 0003c000 08:05 7511200                    /usr/lib/jvm/java-8-oracle/jre/lib/amd64/libsunec.so
7f7721856000-7f7721a56000 rw-p 00000000 00:00 0 
7f7721a56000-7f7721a58000 r--s 00009000 08:05 7511126                    /usr/lib/jvm/java-8-oracle/jre/lib/ext/sunec.jar
7f7721a58000-7f7721a5b000 r--s 0001a000 08:05 7511037                    /usr/lib/jvm/java-8-oracle/jre/lib/jce.jar
7f7721a5b000-7f7721a60000 r--s 000a0000 08:05 7511031                    /usr/lib/jvm/java-8-oracle/jre/lib/jsse.jar
7f7721a67000-7f7721a6a000 ---p 00000000 00:00 0 
7f7721a6a000-7f7721b68000 rw-p 00000000 00:00 0 
7f7721b68000-7f7721b6a000 r-xp 00000000 08:05 3288066                    /lib/x86_64-linux-gnu/libnss_mdns4_minimal.so.2
7f7721b6a000-7f7721d69000 ---p 00002000 08:05 3288066                    /lib/x86_64-linux-gnu/libnss_mdns4_minimal.so.2
7f7721d69000-7f7721d6a000 r--p 00001000 08:05 3288066                    /lib/x86_64-linux-gnu/libnss_mdns4_minimal.so.2
7f7721d6a000-7f7721d6b000 rw-p 00002000 08:05 3288066                    /lib/x86_64-linux-gnu/libnss_mdns4_minimal.so.2
7f7721d8a000-7f7721f8a000 rw-p 00000000 00:00 0 
7f7721f8a000-7f7721f8d000 ---p 00000000 00:00 0 
7f7721f8d000-7f772208b000 rw-p 00000000 00:00 0 
7f772208b000-7f77220f7000 r-xp 00000000 08:05 7511211                    /usr/lib/jvm/java-8-oracle/jre/lib/amd64/libt2k.so
7f77220f7000-7f77222f7000 ---p 0006c000 08:05 7511211                    /usr/lib/jvm/java-8-oracle/jre/lib/amd64/libt2k.so
7f77222f7000-7f77222fd000 r--p 0006c000 08:05 7511211                    /usr/lib/jvm/java-8-oracle/jre/lib/amd64/libt2k.so
7f77222fd000-7f77222fe000 rw-p 00072000 08:05 7511211                    /usr/lib/jvm/java-8-oracle/jre/lib/amd64/libt2k.so
7f77222fe000-7f7722313000 r--s 00000000 08:05 6829113                    /var/cache/fontconfig/04aabc0a78ac019cf9454389977116d2-le64.cache-7
7f7722313000-7f7722314000 r--s 00000000 08:05 6829158                    /var/cache/fontconfig/a48eab177a16e4f3713381162db2f3e9-le64.cache-7
7f7722314000-7f7722315000 r--s 00000000 08:05 6829139                    /var/cache/fontconfig/564b2e68ac9bc4e36a6f7f6d6125ec1c-le64.cache-7
7f7722315000-7f7722316000 r--s 00000000 08:05 6829140                    /var/cache/fontconfig/56cf4f4769d0f4abc89a4895d7bd3ae1-le64.cache-7
7f7722316000-7f7722317000 r--s 00000000 08:05 6829162                    /var/cache/fontconfig/b9d506c9ac06c20b433354fa67a72993-le64.cache-7
7f7722317000-7f7722318000 r--s 00000000 08:05 6829127                    /var/cache/fontconfig/370e5b74bf5dafc30834de68e24a87a4-le64.cache-7
7f7722318000-7f7722319000 r--s 00000000 08:05 6829923                    /var/cache/fontconfig/6b2c5944714ca7831b25bed9e85cb5c8-le64.cache-7
7f7722319000-7f772231a000 r--s 00000000 08:05 6829168                    /var/cache/fontconfig/d5178ab6d91b49bf20a416737dcea9e8-le64.cache-7
7f772231a000-7f772231b000 r--s 00000000 08:05 6829942                    /var/cache/fontconfig/551ecf3b0e8b0bca0f25c0944f561853-le64.cache-7
7f772231b000-7f772231e000 r--s 00000000 08:05 6829930                    /var/cache/fontconfig/f259c2cffa685e28062317905db73c4a-le64.cache-7
7f772231e000-7f7722320000 r--s 00000000 08:05 6829929                    /var/cache/fontconfig/550f3886151c940c12a5ed35f6a00586-le64.cache-7
7f7722320000-7f7722323000 r--s 00000000 08:05 6829925                    /var/cache/fontconfig/674d1711f2d1d2a09646eb0bdcadee49-le64.cache-7
7f7722323000-7f7722324000 r--s 00000000 08:05 6829130                    /var/cache/fontconfig/3f7329c5293ffd510edef78f73874cfd-le64.cache-7
7f7722324000-7f7722330000 r--s 00000000 08:05 6829828                    /var/cache/fontconfig/d589a48862398ed80a3d6066f4f56f4c-le64.cache-7
7f7722330000-7f7722331000 r--s 00000000 08:05 6829116                    /var/cache/fontconfig/0c9eb80ebd1c36541ebe2852d3bb0c49-le64.cache-7
7f7722331000-7f7722332000 r--s 00000000 08:05 6829123                    /var/cache/fontconfig/22368d551a680bfe5a62c02760edf4ea-le64.cache-7
7f7722332000-7f7722333000 r--s 00000000 08:05 6829135                    /var/cache/fontconfig/4d9c95eba1cb85bbcf2878543262124a-le64.cache-7
7f7722333000-7f7722334000 r--s 00000000 08:05 6829152                    /var/cache/fontconfig/85e0a52ce643a7ba2ae53e5d6949cead-le64.cache-7
7f7722334000-7f7722335000 r--s 00000000 08:05 6829132                    /var/cache/fontconfig/49f0de54bdd920fe4f0dfd4cbac43e6b-le64.cache-7
7f7722335000-7f7722336000 r--s 00000000 08:05 6829179                    /var/cache/fontconfig/f6e6e0a5c3d2f6ae0c0c2e0ecd42a997-le64.cache-7
7f7722336000-7f7722344000 r--s 00000000 08:05 6829155                    /var/cache/fontconfig/9b89f8e3dae116d678bbf48e5f21f69b-le64.cache-7
7f7722344000-7f7722346000 r--s 00000000 08:05 6829147                    /var/cache/fontconfig/6afa1bb216ce958c1589e297e8008489-le64.cache-7
7f7722346000-7f7722354000 r--s 00000000 08:05 6841131                    /var/cache/fontconfig/e13b20fdb08344e0e664864cc2ede53d-le64.cache-7
7f7722359000-7f772236c000 r--s 00345000 08:05 7511030                    /usr/lib/jvm/java-8-oracle/jre/lib/resources.jar
7f772236c000-7f772236f000 ---p 00000000 00:00 0 
7f772236f000-7f772246d000 rw-p 00000000 00:00 0 
7f772246d000-7f7722470000 ---p 00000000 00:00 0 
7f7722470000-7f772256e000 rw-p 00000000 00:00 0 
7f772256e000-7f7722578000 r--s 00116000 08:05 7511135                    /usr/lib/jvm/java-8-oracle/jre/lib/ext/localedata.jar
7f7722578000-7f772257b000 ---p 00000000 00:00 0 
7f772257b000-7f7722879000 rw-p 00000000 00:00 0 
7f7722879000-7f7722a79000 rw-p 00000000 00:00 0 
7f7722a79000-7f7722a7c000 ---p 00000000 00:00 0 
7f7722a7c000-7f7722b7a000 rw-p 00000000 00:00 0 
7f7722b7a000-7f7722b7d000 ---p 00000000 00:00 0 
7f7722b7d000-7f7722c7b000 rw-p 00000000 00:00 0 
7f7722c7b000-7f7722c8c000 r-xp 00000000 08:05 7511245                    /usr/lib/jvm/java-8-oracle/jre/lib/amd64/libnio.so
7f7722c8c000-7f7722e8b000 ---p 00011000 08:05 7511245                    /usr/lib/jvm/java-8-oracle/jre/lib/amd64/libnio.so
7f7722e8b000-7f7722e8c000 r--p 00010000 08:05 7511245                    /usr/lib/jvm/java-8-oracle/jre/lib/amd64/libnio.so
7f7722e8c000-7f7722e8d000 rw-p 00011000 08:05 7511245                    /usr/lib/jvm/java-8-oracle/jre/lib/amd64/libnio.so
7f7722e8d000-7f7722ea3000 r-xp 00000000 08:05 7511242                    /usr/lib/jvm/java-8-oracle/jre/lib/amd64/libnet.so
7f7722ea3000-7f77230a2000 ---p 00016000 08:05 7511242                    /usr/lib/jvm/java-8-oracle/jre/lib/amd64/libnet.so
7f77230a2000-7f77230a3000 r--p 00015000 08:05 7511242                    /usr/lib/jvm/java-8-oracle/jre/lib/amd64/libnet.so
7f77230a3000-7f77230a4000 rw-p 00016000 08:05 7511242                    /usr/lib/jvm/java-8-oracle/jre/lib/amd64/libnet.so
7f77230a4000-7f77230a7000 ---p 00000000 00:00 0 
7f77230a7000-7f77231a5000 rw-p 00000000 00:00 0 
7f77231a5000-7f77231aa000 r-xp 00000000 08:05 7493725                    /usr/lib/x86_64-linux-gnu/libXfixes.so.3.1.0
7f77231aa000-7f77233a9000 ---p 00005000 08:05 7493725                    /usr/lib/x86_64-linux-gnu/libXfixes.so.3.1.0
7f77233a9000-7f77233aa000 r--p 00004000 08:05 7493725                    /usr/lib/x86_64-linux-gnu/libXfixes.so.3.1.0
7f77233aa000-7f77233ab000 rw-p 00005000 08:05 7493725                    /usr/lib/x86_64-linux-gnu/libXfixes.so.3.1.0
7f77233ab000-7f77233b4000 r-xp 00000000 08:05 7493717                    /usr/lib/x86_64-linux-gnu/libXcursor.so.1.0.2
7f77233b4000-7f77235b3000 ---p 00009000 08:05 7493717                    /usr/lib/x86_64-linux-gnu/libXcursor.so.1.0.2
7f77235b3000-7f77235b4000 r--p 00008000 08:05 7493717                    /usr/lib/x86_64-linux-gnu/libXcursor.so.1.0.2
7f77235b4000-7f77235b5000 rw-p 00009000 08:05 7493717                    /usr/lib/x86_64-linux-gnu/libXcursor.so.1.0.2
7f77235b5000-7f77235cc000 r-xp 00000000 08:05 3287588                    /lib/x86_64-linux-gnu/libgcc_s.so.1
7f77235cc000-7f77237cb000 ---p 00017000 08:05 3287588                    /lib/x86_64-linux-gnu/libgcc_s.so.1
7f77237cb000-7f77237cc000 r--p 00016000 08:05 3287588                    /lib/x86_64-linux-gnu/libgcc_s.so.1
7f77237cc000-7f77237cd000 rw-p 00017000 08:05 3287588                    /lib/x86_64-linux-gnu/libgcc_s.so.1
7f77237cd000-7f772382a000 r-xp 00000000 08:05 7511190                    /usr/lib/jvm/java-8-oracle/jre/lib/amd64/libfontmanager.so
7f772382a000-7f7723a2a000 ---p 0005d000 08:05 7511190                    /usr/lib/jvm/java-8-oracle/jre/lib/amd64/libfontmanager.so
7f7723a2a000-7f7723a2d000 r--p 0005d000 08:05 7511190                    /usr/lib/jvm/java-8-oracle/jre/lib/amd64/libfontmanager.so
7f7723a2d000-7f7723a2e000 rw-p 00060000 08:05 7511190                    /usr/lib/jvm/java-8-oracle/jre/lib/amd64/libfontmanager.so
7f7723a2e000-7f7723a41000 r-xp 00000000 08:05 3287966                    /lib/x86_64-linux-gnu/libbsd.so.0.8.7
7f7723a41000-7f7723c40000 ---p 00013000 08:05 3287966                    /lib/x86_64-linux-gnu/libbsd.so.0.8.7
7f7723c40000-7f7723c41000 r--p 00012000 08:05 3287966                    /lib/x86_64-linux-gnu/libbsd.so.0.8.7
7f7723c41000-7f7723c42000 rw-p 00013000 08:05 3287966                    /lib/x86_64-linux-gnu/libbsd.so.0.8.7
7f7723c42000-7f7724000000 rw-p 00000000 00:00 0 
7f7724000000-7f7724021000 rw-p 00000000 00:00 0 
7f7724021000-7f7728000000 ---p 00000000 00:00 0 
7f7728000000-7f7728001000 r--s 00000000 08:05 6829133                    /var/cache/fontconfig/4b2eda6bb976bda485cb2176619421d5-le64.cache-7
7f7728001000-7f7728002000 r--s 00000000 08:05 6829258                    /var/cache/fontconfig/2736766d4907c6828b9382ebdbe3064b-le64.cache-7
7f7728002000-7f772800d000 r--s 00000000 08:05 6829153                    /var/cache/fontconfig/945677eb7aeaf62f1d50efc3fb3ec7d8-le64.cache-7
7f772800d000-7f7728012000 r--s 00000000 08:05 6829124                    /var/cache/fontconfig/2300eef321c393bfd76478a5c0e95b23-le64.cache-7
7f7728012000-7f7728013000 r--s 00000000 08:05 6829117                    /var/cache/fontconfig/0d8c3b2ac0904cb8a57a757ad11a4a08-le64.cache-7
7f7728013000-7f7728014000 r--s 00000000 08:05 6829121                    /var/cache/fontconfig/1ac9eb803944fde146138c791f5cc56a-le64.cache-7
7f7728014000-7f7728015000 r--s 00000000 08:05 6829172                    /var/cache/fontconfig/dc05db6664285cc2f12bf69c139ae4c3-le64.cache-7
7f7728015000-7f7728017000 r--s 00000000 08:05 6829118                    /var/cache/fontconfig/14a5e22175779b556eaa434240950366-le64.cache-7
7f7728017000-7f7728018000 r--s 00000000 08:05 6829145                    /var/cache/fontconfig/660208299946a285a940457d1287da33-le64.cache-7
7f7728018000-7f772801a000 r--s 00000000 08:05 6829136                    /var/cache/fontconfig/4f3e3037c9980c83b53a9351efadef62-le64.cache-7
7f772801a000-7f772801c000 r--s 00000000 08:05 6829150                    /var/cache/fontconfig/767a8244fc0220cfb567a839d0392e0b-le64.cache-7
7f772801c000-7f772801d000 r--s 00000000 08:05 6857105                    /var/cache/fontconfig/4794a0821666d79190d59a36cb4f44b5-le64.cache-7
7f772801d000-7f772801f000 r--s 00000000 08:05 6829115                    /var/cache/fontconfig/0bd3dc0958fa2205aaaa8ebb13e2872b-le64.cache-7
7f772801f000-7f7728024000 r--s 00000000 08:05 6829173                    /var/cache/fontconfig/def309198bfa603429122923fa2bb2d4-le64.cache-7
7f7728024000-7f7728025000 r--s 00000000 08:05 6829161                    /var/cache/fontconfig/b872e6e592da6075ffa4ab0a1fcc0c75-le64.cache-7
7f7728025000-7f7728026000 r--s 00000000 08:05 6829178                    /var/cache/fontconfig/f6d4eedfaab2589bde49f7a3ff831d22-le64.cache-7
7f7728026000-7f7728027000 r--s 00000000 08:05 6829143                    /var/cache/fontconfig/589f83ef4c36d296ce6e1c846f468f08-le64.cache-7
7f7728027000-7f7728028000 r--s 00000000 08:05 6829163                    /var/cache/fontconfig/bab58bb527bb656aaa9f116d68a48d89-le64.cache-7
7f7728028000-7f7728029000 r--s 00000000 08:05 6829122                    /var/cache/fontconfig/2171a34dccabdb6bcbbc728186263178-le64.cache-7
7f7728029000-7f772802a000 r--s 00000000 08:05 6829164                    /var/cache/fontconfig/c5c45a61289222e0d30b1a26ef4effbe-le64.cache-7
7f772802a000-7f772802b000 r--s 00000000 08:05 6829159                    /var/cache/fontconfig/aec30016f93e1b46d1a973dce0d74068-le64.cache-7
7f772802b000-7f772802c000 r--s 00000000 08:05 6829129                    /var/cache/fontconfig/3f589640d34b7dc9042c8d453f7c8b9c-le64.cache-7
7f772802c000-7f772802d000 r--s 00000000 08:05 6829119                    /var/cache/fontconfig/16c2fda60d1b4b719f4b3d06fd951d25-le64.cache-7
7f772802d000-7f772802e000 r--s 00000000 08:05 6829158                    /var/cache/fontconfig/a48eab177a16e4f3713381162db2f3e9-le64.cache-7
7f772802e000-7f772802f000 r--s 00000000 08:05 6829139                    /var/cache/fontconfig/564b2e68ac9bc4e36a6f7f6d6125ec1c-le64.cache-7
7f772802f000-7f7728034000 r--s 00000000 08:05 6842800                    /var/cache/fontconfig/9d2451b1fd30e5bffe8383fd27c35478-le64.cache-7
7f7728034000-7f772803a000 r--s 00000000 08:05 6829946                    /var/cache/fontconfig/3047814df9a2f067bd2d96a2b9c36e5a-le64.cache-7
7f772803a000-7f7728042000 r--s 00000000 08:05 6843637                    /var/cache/fontconfig/bf3b770c553c462765856025a94f1ce6-le64.cache-7
7f7728042000-7f7728043000 r--s 00000000 08:05 6829140                    /var/cache/fontconfig/56cf4f4769d0f4abc89a4895d7bd3ae1-le64.cache-7
7f7728043000-7f7728044000 r--s 00000000 08:05 6829162                    /var/cache/fontconfig/b9d506c9ac06c20b433354fa67a72993-le64.cache-7
7f7728044000-7f7728057000 r--s 00000000 08:05 6829169                    /var/cache/fontconfig/d52a8644073d54c13679302ca1180695-le64.cache-7
7f7728057000-7f772805a000 ---p 00000000 00:00 0 
7f772805a000-7f7728158000 rw-p 00000000 00:00 0 
7f7728158000-7f772815d000 r-xp 00000000 08:05 7493721                    /usr/lib/x86_64-linux-gnu/libXdmcp.so.6.0.0
7f772815d000-7f772835c000 ---p 00005000 08:05 7493721                    /usr/lib/x86_64-linux-gnu/libXdmcp.so.6.0.0
7f772835c000-7f772835d000 r--p 00004000 08:05 7493721                    /usr/lib/x86_64-linux-gnu/libXdmcp.so.6.0.0
7f772835d000-7f772835e000 rw-p 00005000 08:05 7493721                    /usr/lib/x86_64-linux-gnu/libXdmcp.so.6.0.0
7f772835e000-7f7728360000 r-xp 00000000 08:05 7493710                    /usr/lib/x86_64-linux-gnu/libXau.so.6.0.0
7f7728360000-7f7728560000 ---p 00002000 08:05 7493710                    /usr/lib/x86_64-linux-gnu/libXau.so.6.0.0
7f7728560000-7f7728561000 r--p 00002000 08:05 7493710                    /usr/lib/x86_64-linux-gnu/libXau.so.6.0.0
7f7728561000-7f7728562000 rw-p 00003000 08:05 7493710                    /usr/lib/x86_64-linux-gnu/libXau.so.6.0.0
7f7728562000-7f7728588000 r-xp 00000000 08:05 7494914                    /usr/lib/x86_64-linux-gnu/libxcb.so.1.1.0
7f7728588000-7f7728788000 ---p 00026000 08:05 7494914                    /usr/lib/x86_64-linux-gnu/libxcb.so.1.1.0
7f7728788000-7f7728789000 r--p 00026000 08:05 7494914                    /usr/lib/x86_64-linux-gnu/libxcb.so.1.1.0
7f7728789000-7f772878a000 rw-p 00027000 08:05 7494914                    /usr/lib/x86_64-linux-gnu/libxcb.so.1.1.0
7f772878a000-7f7728799000 r-xp 00000000 08:05 7493731                    /usr/lib/x86_64-linux-gnu/libXi.so.6.1.0
7f7728799000-7f7728998000 ---p 0000f000 08:05 7493731                    /usr/lib/x86_64-linux-gnu/libXi.so.6.1.0
7f7728998000-7f7728999000 r--p 0000e000 08:05 7493731                    /usr/lib/x86_64-linux-gnu/libXi.so.6.1.0
7f7728999000-7f772899a000 rw-p 0000f000 08:05 7493731                    /usr/lib/x86_64-linux-gnu/libXi.so.6.1.0
7f772899a000-7f772899f000 r-xp 00000000 08:05 7493749                    /usr/lib/x86_64-linux-gnu/libXtst.so.6.1.0
7f772899f000-7f7728b9e000 ---p 00005000 08:05 7493749                    /usr/lib/x86_64-linux-gnu/libXtst.so.6.1.0
7f7728b9e000-7f7728b9f000 r--p 00004000 08:05 7493749                    /usr/lib/x86_64-linux-gnu/libXtst.so.6.1.0
7f7728b9f000-7f7728ba0000 rw-p 00005000 08:05 7493749                    /usr/lib/x86_64-linux-gnu/libXtst.so.6.1.0
7f7728ba0000-7f7728ba9000 r-xp 00000000 08:05 7493743                    /usr/lib/x86_64-linux-gnu/libXrender.so.1.3.0
7f7728ba9000-7f7728da8000 ---p 00009000 08:05 7493743                    /usr/lib/x86_64-linux-gnu/libXrender.so.1.3.0
7f7728da8000-7f7728da9000 r--p 00008000 08:05 7493743                    /usr/lib/x86_64-linux-gnu/libXrender.so.1.3.0
7f7728da9000-7f7728daa000 rw-p 00009000 08:05 7493743                    /usr/lib/x86_64-linux-gnu/libXrender.so.1.3.0
7f7728daa000-7f7728edd000 r-xp 00000000 08:05 7486579                    /usr/lib/x86_64-linux-gnu/libX11.so.6.3.0
7f7728edd000-7f77290dd000 ---p 00133000 08:05 7486579                    /usr/lib/x86_64-linux-gnu/libX11.so.6.3.0
7f77290dd000-7f77290de000 r--p 00133000 08:05 7486579                    /usr/lib/x86_64-linux-gnu/libX11.so.6.3.0
7f77290de000-7f77290e2000 rw-p 00134000 08:05 7486579                    /usr/lib/x86_64-linux-gnu/libX11.so.6.3.0
7f77290e2000-7f77290f3000 r-xp 00000000 08:05 7493723                    /usr/lib/x86_64-linux-gnu/libXext.so.6.4.0
7f77290f3000-7f77292f2000 ---p 00011000 08:05 7493723                    /usr/lib/x86_64-linux-gnu/libXext.so.6.4.0
7f77292f2000-7f77292f3000 r--p 00010000 08:05 7493723                    /usr/lib/x86_64-linux-gnu/libXext.so.6.4.0
7f77292f3000-7f77292f4000 rw-p 00011000 08:05 7493723                    /usr/lib/x86_64-linux-gnu/libXext.so.6.4.0
7f77292f4000-7f7729347000 r-xp 00000000 08:05 7511249                    /usr/lib/jvm/java-8-oracle/jre/lib/amd64/libawt_xawt.so
7f7729347000-7f7729546000 ---p 00053000 08:05 7511249                    /usr/lib/jvm/java-8-oracle/jre/lib/amd64/libawt_xawt.so
7f7729546000-7f7729547000 r--p 00052000 08:05 7511249                    /usr/lib/jvm/java-8-oracle/jre/lib/amd64/libawt_xawt.so
7f7729547000-7f772954a000 rw-p 00053000 08:05 7511249                    /usr/lib/jvm/java-8-oracle/jre/lib/amd64/libawt_xawt.so
7f772954a000-7f772954b000 rw-p 00000000 00:00 0 
7f772954b000-7f77295ea000 r-xp 00000000 08:05 7511235                    /usr/lib/jvm/java-8-oracle/jre/lib/amd64/libawt.so
7f77295ea000-7f77297ea000 ---p 0009f000 08:05 7511235                    /usr/lib/jvm/java-8-oracle/jre/lib/amd64/libawt.so
7f77297ea000-7f77297eb000 r--p 0009f000 08:05 7511235                    /usr/lib/jvm/java-8-oracle/jre/lib/amd64/libawt.so
7f77297eb000-7f77297f6000 rw-p 000a0000 08:05 7511235                    /usr/lib/jvm/java-8-oracle/jre/lib/amd64/libawt.so
7f77297f6000-7f772981b000 rw-p 00000000 00:00 0 
7f772981b000-7f772981c000 ---p 00000000 00:00 0 
7f772981c000-7f772991c000 rw-p 00000000 00:00 0 
7f772991c000-7f772991f000 ---p 00000000 00:00 0 
7f772991f000-7f7729a1d000 rw-p 00000000 00:00 0 
7f7729a1d000-7f7729a1e000 ---p 00000000 00:00 0 
7f7729a1e000-7f7729a21000 ---p 00000000 00:00 0 
7f7729a21000-7f7729b1e000 rw-p 00000000 00:00 0 
7f7729b1e000-7f7729b1f000 ---p 00000000 00:00 0 
7f7729b1f000-7f7729b22000 ---p 00000000 00:00 0 
7f7729b22000-7f7729c1f000 rw-p 00000000 00:00 0 
7f7729c1f000-7f7729c20000 ---p 00000000 00:00 0 
7f7729c20000-7f7729c23000 ---p 00000000 00:00 0 
7f7729c23000-7f7729d20000 rw-p 00000000 00:00 0 
7f7729d20000-7f7729d23000 ---p 00000000 00:00 0 
7f7729d23000-7f7729e21000 rw-p 00000000 00:00 0 
7f7729e21000-7f772a7f0000 r--p 00000000 08:05 7492611                    /usr/lib/locale/locale-archive
7f772a7f0000-7f772a7f3000 ---p 00000000 00:00 0 
7f772a7f3000-7f772a8f1000 rw-p 00000000 00:00 0 
7f772a8f1000-7f772a8f4000 ---p 00000000 00:00 0 
7f772a8f4000-7f772a9f2000 rw-p 00000000 00:00 0 
7f772a9f2000-7f772a9f3000 ---p 00000000 00:00 0 
7f772a9f3000-7f772c000000 rw-p 00000000 00:00 0 
7f772c000000-7f772c021000 rw-p 00000000 00:00 0 
7f772c021000-7f7730000000 ---p 00000000 00:00 0 
7f7730000000-7f7730006000 r--s 00000000 08:05 6829160                    /var/cache/fontconfig/b47c4e1ecd0709278f4910c18777a504-le64.cache-7
7f7730006000-7f7730007000 r--s 00000000 08:05 6829127                    /var/cache/fontconfig/370e5b74bf5dafc30834de68e24a87a4-le64.cache-7
7f7730007000-7f7730008000 r--s 00000000 08:05 6829923                    /var/cache/fontconfig/6b2c5944714ca7831b25bed9e85cb5c8-le64.cache-7
7f7730008000-7f7730009000 r--s 00000000 08:05 6829168                    /var/cache/fontconfig/d5178ab6d91b49bf20a416737dcea9e8-le64.cache-7
7f7730009000-7f773000a000 r--s 00000000 08:05 6829942                    /var/cache/fontconfig/551ecf3b0e8b0bca0f25c0944f561853-le64.cache-7
7f773000a000-7f773000d000 r--s 00000000 08:05 6829930                    /var/cache/fontconfig/f259c2cffa685e28062317905db73c4a-le64.cache-7
7f773000d000-7f773000f000 r--s 00000000 08:05 6829929                    /var/cache/fontconfig/550f3886151c940c12a5ed35f6a00586-le64.cache-7
7f773000f000-7f7730012000 r--s 00000000 08:05 6829925                    /var/cache/fontconfig/674d1711f2d1d2a09646eb0bdcadee49-le64.cache-7
7f7730012000-7f7730020000 r--s 00000000 08:05 6829155                    /var/cache/fontconfig/9b89f8e3dae116d678bbf48e5f21f69b-le64.cache-7
7f7730020000-7f773002e000 r--s 00000000 08:05 6841131                    /var/cache/fontconfig/e13b20fdb08344e0e664864cc2ede53d-le64.cache-7
7f773002e000-7f7730054000 r--p 00000000 08:05 8409541                    /usr/share/locale-langpack/pt_BR/LC_MESSAGES/libc.mo
7f7730054000-7f7730256000 rw-p 00000000 00:00 0 
7f7730256000-7f7730430000 r--s 03d6c000 08:05 7511026                    /usr/lib/jvm/java-8-oracle/jre/lib/rt.jar
7f7730430000-7f7734000000 rw-p 00000000 00:00 0 
7f7734000000-7f7734021000 rw-p 00000000 00:00 0 
7f7734021000-7f7738000000 ---p 00000000 00:00 0 
7f7738000000-7f773800c000 r--s 00000000 08:05 6829828                    /var/cache/fontconfig/d589a48862398ed80a3d6066f4f56f4c-le64.cache-7
7f773800c000-7f77380e5000 rw-p 00000000 00:00 0 
7f77380e5000-7f77380e6000 ---p 00000000 00:00 0 
7f77380e6000-7f77381e6000 rw-p 00000000 00:00 0 
7f77381e6000-7f77381e7000 ---p 00000000 00:00 0 
7f77381e7000-7f77382e7000 rw-p 00000000 00:00 0 
7f77382e7000-7f77382e8000 ---p 00000000 00:00 0 
7f77382e8000-7f7738410000 rw-p 00000000 00:00 0 
7f7738410000-7f7738666000 ---p 00000000 00:00 0 
7f7738666000-7f773868e000 rw-p 00000000 00:00 0 
7f773868e000-7f77388e4000 ---p 00000000 00:00 0 
7f77388e4000-7f77388f8000 rw-p 00000000 00:00 0 
7f77388f8000-7f7738a23000 ---p 00000000 00:00 0 
7f7738a23000-7f7738a3c000 rw-p 00000000 00:00 0 
7f7738a3c000-7f7738de4000 ---p 00000000 00:00 0 
7f7738de4000-7f77393c4000 rwxp 00000000 00:00 0 
7f77393c4000-7f7747de4000 ---p 00000000 00:00 0 
7f7747de4000-7f7747dfe000 r-xp 00000000 08:05 7511238                    /usr/lib/jvm/java-8-oracle/jre/lib/amd64/libzip.so
7f7747dfe000-7f7747ffe000 ---p 0001a000 08:05 7511238                    /usr/lib/jvm/java-8-oracle/jre/lib/amd64/libzip.so
7f7747ffe000-7f7747fff000 r--p 0001a000 08:05 7511238                    /usr/lib/jvm/java-8-oracle/jre/lib/amd64/libzip.so
7f7747fff000-7f7748000000 rw-p 0001b000 08:05 7511238                    /usr/lib/jvm/java-8-oracle/jre/lib/amd64/libzip.so
7f7748000000-7f774831c000 rw-p 00000000 00:00 0 
7f774831c000-7f774c000000 ---p 00000000 00:00 0 
7f774c000000-7f774c070000 rw-p 00000000 00:00 0 
7f774c070000-7f774c071000 ---p 00000000 00:00 0 
7f774c071000-7f774c171000 rw-p 00000000 00:00 0 
7f774c171000-7f774c17c000 r-xp 00000000 08:05 3288060                    /lib/x86_64-linux-gnu/libnss_files-2.27.so
7f774c17c000-7f774c37b000 ---p 0000b000 08:05 3288060                    /lib/x86_64-linux-gnu/libnss_files-2.27.so
7f774c37b000-7f774c37c000 r--p 0000a000 08:05 3288060                    /lib/x86_64-linux-gnu/libnss_files-2.27.so
7f774c37c000-7f774c37d000 rw-p 0000b000 08:05 3288060                    /lib/x86_64-linux-gnu/libnss_files-2.27.so
7f774c37d000-7f774c383000 rw-p 00000000 00:00 0 
7f774c383000-7f774c39a000 r-xp 00000000 08:05 3288054                    /lib/x86_64-linux-gnu/libnsl-2.27.so
7f774c39a000-7f774c599000 ---p 00017000 08:05 3288054                    /lib/x86_64-linux-gnu/libnsl-2.27.so
7f774c599000-7f774c59a000 r--p 00016000 08:05 3288054                    /lib/x86_64-linux-gnu/libnsl-2.27.so
7f774c59a000-7f774c59b000 rw-p 00017000 08:05 3288054                    /lib/x86_64-linux-gnu/libnsl-2.27.so
7f774c59b000-7f774c59d000 rw-p 00000000 00:00 0 
7f774c59d000-7f774c5a8000 r-xp 00000000 08:05 3288071                    /lib/x86_64-linux-gnu/libnss_nis-2.27.so
7f774c5a8000-7f774c7a7000 ---p 0000b000 08:05 3288071                    /lib/x86_64-linux-gnu/libnss_nis-2.27.so
7f774c7a7000-7f774c7a8000 r--p 0000a000 08:05 3288071                    /lib/x86_64-linux-gnu/libnss_nis-2.27.so
7f774c7a8000-7f774c7a9000 rw-p 0000b000 08:05 3288071                    /lib/x86_64-linux-gnu/libnss_nis-2.27.so
7f774c7a9000-7f774c7b1000 r-xp 00000000 08:05 3288056                    /lib/x86_64-linux-gnu/libnss_compat-2.27.so
7f774c7b1000-7f774c9b1000 ---p 00008000 08:05 3288056                    /lib/x86_64-linux-gnu/libnss_compat-2.27.so
7f774c9b1000-7f774c9b2000 r--p 00008000 08:05 3288056                    /lib/x86_64-linux-gnu/libnss_compat-2.27.so
7f774c9b2000-7f774c9b3000 rw-p 00009000 08:05 3288056                    /lib/x86_64-linux-gnu/libnss_compat-2.27.so
7f774c9b3000-7f774c9e0000 r-xp 00000000 08:05 7511232                    /usr/lib/jvm/java-8-oracle/jre/lib/amd64/libjava.so
7f774c9e0000-7f774cbdf000 ---p 0002d000 08:05 7511232                    /usr/lib/jvm/java-8-oracle/jre/lib/amd64/libjava.so
7f774cbdf000-7f774cbe0000 r--p 0002c000 08:05 7511232                    /usr/lib/jvm/java-8-oracle/jre/lib/amd64/libjava.so
7f774cbe0000-7f774cbe2000 rw-p 0002d000 08:05 7511232                    /usr/lib/jvm/java-8-oracle/jre/lib/amd64/libjava.so
7f774cbe2000-7f774cbef000 r-xp 00000000 08:05 7511237                    /usr/lib/jvm/java-8-oracle/jre/lib/amd64/libverify.so
7f774cbef000-7f774cdee000 ---p 0000d000 08:05 7511237                    /usr/lib/jvm/java-8-oracle/jre/lib/amd64/libverify.so
7f774cdee000-7f774cdf0000 r--p 0000c000 08:05 7511237                    /usr/lib/jvm/java-8-oracle/jre/lib/amd64/libverify.so
7f774cdf0000-7f774cdf1000 rw-p 0000e000 08:05 7511237                    /usr/lib/jvm/java-8-oracle/jre/lib/amd64/libverify.so
7f774cdf1000-7f774cdf8000 r-xp 00000000 08:05 3288111                    /lib/x86_64-linux-gnu/librt-2.27.so
7f774cdf8000-7f774cff7000 ---p 00007000 08:05 3288111                    /lib/x86_64-linux-gnu/librt-2.27.so
7f774cff7000-7f774cff8000 r--p 00006000 08:05 3288111                    /lib/x86_64-linux-gnu/librt-2.27.so
7f774cff8000-7f774cff9000 rw-p 00007000 08:05 3288111                    /lib/x86_64-linux-gnu/librt-2.27.so
7f774cff9000-7f774d196000 r-xp 00000000 08:05 3288033                    /lib/x86_64-linux-gnu/libm-2.27.so
7f774d196000-7f774d395000 ---p 0019d000 08:05 3288033                    /lib/x86_64-linux-gnu/libm-2.27.so
7f774d395000-7f774d396000 r--p 0019c000 08:05 3288033                    /lib/x86_64-linux-gnu/libm-2.27.so
7f774d396000-7f774d397000 rw-p 0019d000 08:05 3288033                    /lib/x86_64-linux-gnu/libm-2.27.so
7f774d397000-7f774e079000 r-xp 00000000 08:05 7511258                    /usr/lib/jvm/java-8-oracle/jre/lib/amd64/server/libjvm.so
7f774e079000-7f774e279000 ---p 00ce2000 08:05 7511258                    /usr/lib/jvm/java-8-oracle/jre/lib/amd64/server/libjvm.so
7f774e279000-7f774e30f000 r--p 00ce2000 08:05 7511258                    /usr/lib/jvm/java-8-oracle/jre/lib/amd64/server/libjvm.so
7f774e30f000-7f774e340000 rw-p 00d78000 08:05 7511258                    /usr/lib/jvm/java-8-oracle/jre/lib/amd64/server/libjvm.so
7f774e340000-7f774e37b000 rw-p 00000000 00:00 0 
7f774e37b000-7f774e562000 r-xp 00000000 08:05 3287970                    /lib/x86_64-linux-gnu/libc-2.27.so
7f774e562000-7f774e762000 ---p 001e7000 08:05 3287970                    /lib/x86_64-linux-gnu/libc-2.27.so
7f774e762000-7f774e766000 r--p 001e7000 08:05 3287970                    /lib/x86_64-linux-gnu/libc-2.27.so
7f774e766000-7f774e768000 rw-p 001eb000 08:05 3287970                    /lib/x86_64-linux-gnu/libc-2.27.so
7f774e768000-7f774e76c000 rw-p 00000000 00:00 0 
7f774e76c000-7f774e76f000 r-xp 00000000 08:05 3287993                    /lib/x86_64-linux-gnu/libdl-2.27.so
7f774e76f000-7f774e96e000 ---p 00003000 08:05 3287993                    /lib/x86_64-linux-gnu/libdl-2.27.so
7f774e96e000-7f774e96f000 r--p 00002000 08:05 3287993                    /lib/x86_64-linux-gnu/libdl-2.27.so
7f774e96f000-7f774e970000 rw-p 00003000 08:05 3287993                    /lib/x86_64-linux-gnu/libdl-2.27.so
7f774e970000-7f774e987000 r-xp 00000000 08:05 7510972                    /usr/lib/jvm/java-8-oracle/lib/amd64/jli/libjli.so
7f774e987000-7f774eb86000 ---p 00017000 08:05 7510972                    /usr/lib/jvm/java-8-oracle/lib/amd64/jli/libjli.so
7f774eb86000-7f774eb87000 r--p 00016000 08:05 7510972                    /usr/lib/jvm/java-8-oracle/lib/amd64/jli/libjli.so
7f774eb87000-7f774eb88000 rw-p 00017000 08:05 7510972                    /usr/lib/jvm/java-8-oracle/lib/amd64/jli/libjli.so
7f774eb88000-7f774eba2000 r-xp 00000000 08:05 3288103                    /lib/x86_64-linux-gnu/libpthread-2.27.so
7f774eba2000-7f774eda1000 ---p 0001a000 08:05 3288103                    /lib/x86_64-linux-gnu/libpthread-2.27.so
7f774eda1000-7f774eda2000 r--p 00019000 08:05 3288103                    /lib/x86_64-linux-gnu/libpthread-2.27.so
7f774eda2000-7f774eda3000 rw-p 0001a000 08:05 3288103                    /lib/x86_64-linux-gnu/libpthread-2.27.so
7f774eda3000-7f774eda7000 rw-p 00000000 00:00 0 
7f774eda7000-7f774edce000 r-xp 00000000 08:05 3287942                    /lib/x86_64-linux-gnu/ld-2.27.so
7f774edce000-7f774edcf000 r--s 00000000 08:05 6829130                    /var/cache/fontconfig/3f7329c5293ffd510edef78f73874cfd-le64.cache-7
7f774edcf000-7f774edd0000 r--s 00000000 08:05 6829116                    /var/cache/fontconfig/0c9eb80ebd1c36541ebe2852d3bb0c49-le64.cache-7
7f774edd0000-7f774edd1000 r--s 00000000 08:05 6829123                    /var/cache/fontconfig/22368d551a680bfe5a62c02760edf4ea-le64.cache-7
7f774edd1000-7f774edd2000 r--s 00000000 08:05 6829135                    /var/cache/fontconfig/4d9c95eba1cb85bbcf2878543262124a-le64.cache-7
7f774edd2000-7f774edd3000 r--s 00000000 08:05 6829152                    /var/cache/fontconfig/85e0a52ce643a7ba2ae53e5d6949cead-le64.cache-7
7f774edd3000-7f774edd4000 r--s 00000000 08:05 6829132                    /var/cache/fontconfig/49f0de54bdd920fe4f0dfd4cbac43e6b-le64.cache-7
7f774edd4000-7f774edd5000 r--s 00000000 08:05 6829179                    /var/cache/fontconfig/f6e6e0a5c3d2f6ae0c0c2e0ecd42a997-le64.cache-7
7f774edd5000-7f774edd6000 r--s 00000000 08:05 6829133                    /var/cache/fontconfig/4b2eda6bb976bda485cb2176619421d5-le64.cache-7
7f774edd6000-7f774edd8000 r--s 00000000 08:05 6829147                    /var/cache/fontconfig/6afa1bb216ce958c1589e297e8008489-le64.cache-7
7f774edd8000-7f774edd9000 r--s 00000000 08:05 6829258                    /var/cache/fontconfig/2736766d4907c6828b9382ebdbe3064b-le64.cache-7
7f774edd9000-7f774ede0000 r--s 00000000 08:05 7751011                    /usr/lib/x86_64-linux-gnu/gconv/gconv-modules.cache
7f774ede0000-7f774eeaa000 rw-p 00000000 00:00 0 
7f774eeaa000-7f774eeab000 ---p 00000000 00:00 0 
7f774eeab000-7f774eeae000 ---p 00000000 00:00 0 
7f774eeae000-7f774efad000 rw-p 00000000 00:00 0 
7f774efad000-7f774efb2000 r--s 002f9000 08:05 7511024                    /usr/lib/jvm/java-8-oracle/jre/lib/charsets.jar
7f774efb2000-7f774efb5000 r--s 00027000 08:05 3422290                    /home/fernando/Downloads/Bibliotecas/rs2xml.jar
7f774efb5000-7f774efbc000 r--s 0004b000 08:05 3178537                    /home/fernando/Downloads/Bibliotecas/commons-codec-1.11.jar
7f774efbc000-7f774efc1000 r--s 0002f000 08:05 3169667                    /home/fernando/Downloads/Bibliotecas/gson-2.3.1.jar
7f774efc1000-7f774efc2000 r--s 00000000 08:05 3309486                    /home/fernando/netbeans-8.0/java/modules/ext/AbsoluteLayout.jar
7f774efc2000-7f774efca000 rw-s 00000000 08:05 1584231                    /tmp/hsperfdata_fernando/7962
7f774efca000-7f774efcb000 rw-p 00000000 00:00 0 
7f774efcb000-7f774efcc000 r--p 00000000 00:00 0 
7f774efcc000-7f774efce000 rw-p 00000000 00:00 0 
7f774efce000-7f774efcf000 r--p 00027000 08:05 3287942                    /lib/x86_64-linux-gnu/ld-2.27.so
7f774efcf000-7f774efd0000 rw-p 00028000 08:05 3287942                    /lib/x86_64-linux-gnu/ld-2.27.so
7f774efd0000-7f774efd1000 rw-p 00000000 00:00 0 
7ffff325b000-7ffff327c000 rw-p 00000000 00:00 0                          [stack]
7ffff32ca000-7ffff32cd000 r--p 00000000 00:00 0                          [vvar]
7ffff32cd000-7ffff32cf000 r-xp 00000000 00:00 0                          [vdso]
ffffffffff600000-ffffffffff601000 r-xp 00000000 00:00 0                  [vsyscall]

VM Arguments:
jvm_args: -Dfile.encoding=UTF-8 
java_command: view.TelaCliente
java_class_path (initial): /home/fernando/netbeans-8.0/java/modules/ext/AbsoluteLayout.jar:/home/fernando/Downloads/Bibliotecas/gson-2.3.1.jar:/home/fernando/Downloads/Bibliotecas/commons-codec-1.11.jar:/home/fernando/Downloads/Bibliotecas/rs2xml.jar:/home/fernando/NetBeansProjects/Main/build/classes
Launcher Type: SUN_STANDARD

Environment Variables:
JAVA_HOME=/usr/lib/jvm/java-8-oracle
PATH=/usr/local/sbin:/usr/local/bin:/usr/sbin:/usr/bin:/sbin:/bin:/usr/games:/usr/local/games:/snap/bin:/usr/lib/jvm/java-8-oracle/bin:/usr/lib/jvm/java-8-oracle/db/bin:/usr/lib/jvm/java-8-oracle/jre/bin:/home/fernando/netkit2/bin
USERNAME=fernando
LD_LIBRARY_PATH=/usr/lib/jvm/java-8-oracle/jre/lib/amd64:/usr/lib/jvm/java-8-oracle/jre/lib/i386:
SHELL=/bin/bash
DISPLAY=:0

Signal Handlers:
SIGSEGV: [libjvm.so+0xaced60], sa_mask[0]=11111111011111111101111111111110, sa_flags=SA_RESTART|SA_SIGINFO
SIGBUS: [libjvm.so+0xaced60], sa_mask[0]=11111111011111111101111111111110, sa_flags=SA_RESTART|SA_SIGINFO
SIGFPE: [libjvm.so+0x907ca0], sa_mask[0]=11111111011111111101111111111110, sa_flags=SA_RESTART|SA_SIGINFO
SIGPIPE: [libjvm.so+0x907ca0], sa_mask[0]=11111111011111111101111111111110, sa_flags=SA_RESTART|SA_SIGINFO
SIGXFSZ: [libjvm.so+0x907ca0], sa_mask[0]=11111111011111111101111111111110, sa_flags=SA_RESTART|SA_SIGINFO
SIGILL: [libjvm.so+0x907ca0], sa_mask[0]=11111111011111111101111111111110, sa_flags=SA_RESTART|SA_SIGINFO
SIGUSR1: SIG_DFL, sa_mask[0]=00000000000000000000000000000000, sa_flags=none
SIGUSR2: [libjvm.so+0x907b70], sa_mask[0]=00100000000000000000000000000000, sa_flags=SA_RESTART|SA_SIGINFO
SIGHUP: [libjvm.so+0x908190], sa_mask[0]=11111111011111111101111111111110, sa_flags=SA_RESTART|SA_SIGINFO
SIGINT: SIG_IGN, sa_mask[0]=00000000000000000000000000000000, sa_flags=none
SIGTERM: [libjvm.so+0x908190], sa_mask[0]=11111111011111111101111111111110, sa_flags=SA_RESTART|SA_SIGINFO
SIGQUIT: [libjvm.so+0x908190], sa_mask[0]=11111111011111111101111111111110, sa_flags=SA_RESTART|SA_SIGINFO


---------------  S Y S T E M  ---------------

OS:DISTRIB_ID=Ubuntu
DISTRIB_RELEASE=18.04
DISTRIB_CODENAME=bionic
DISTRIB_DESCRIPTION="Ubuntu 18.04.1 LTS"

uname:Linux 4.15.0-55-generic #60-Ubuntu SMP Tue Jul 2 18:22:20 UTC 2019 x86_64
libc:glibc 2.27 NPTL 2.27 
rlimit: STACK 8192k, CORE 0k, NPROC 30357, NOFILE 1048576, AS infinity
load average:1,67 1,02 0,84

/proc/meminfo:
MemTotal:        7833004 kB
MemFree:         1092288 kB
MemAvailable:    3605072 kB
Buffers:          432996 kB
Cached:          2399536 kB
SwapCached:            0 kB
Active:          4522408 kB
Inactive:        1681836 kB
Active(anon):    3376572 kB
Inactive(anon):   329220 kB
Active(file):    1145836 kB
Inactive(file):  1352616 kB
Unevictable:         496 kB
Mlocked:             496 kB
SwapTotal:       2097148 kB
SwapFree:        2097148 kB
Dirty:               740 kB
Writeback:             0 kB
AnonPages:       3372240 kB
Mapped:           618804 kB
Shmem:            334084 kB
Slab:             386244 kB
SReclaimable:     321704 kB
SUnreclaim:        64540 kB
KernelStack:       15520 kB
PageTables:        71032 kB
NFS_Unstable:          0 kB
Bounce:                0 kB
WritebackTmp:          0 kB
CommitLimit:     6013648 kB
Committed_AS:   11419388 kB
VmallocTotal:   34359738367 kB
VmallocUsed:           0 kB
VmallocChunk:          0 kB
HardwareCorrupted:     0 kB
AnonHugePages:         0 kB
ShmemHugePages:        0 kB
ShmemPmdMapped:        0 kB
CmaTotal:              0 kB
CmaFree:               0 kB
HugePages_Total:       0
HugePages_Free:        0
HugePages_Rsvd:        0
HugePages_Surp:        0
Hugepagesize:       2048 kB
DirectMap4k:      226408 kB
DirectMap2M:     7825408 kB

container (cgroup) information:
container_type: cgroupv1
cpu_cpuset_cpus: 0-3
cpu_memory_nodes: 0
active_processor_count: 4
cpu_quota: -1
cpu_period: 100000
cpu_shares: -1
memory_limit_in_bytes: -1
memory_and_swap_limit_in_bytes: -2
memory_soft_limit_in_bytes: -1
memory_usage_in_bytes: 6354096128
memory_max_usage_in_bytes: 0


CPU:total 4 (initial active 4) (2 cores per cpu, 2 threads per core) family 6 model 37 stepping 5, cmov, cx8, fxsr, mmx, sse, sse2, sse3, ssse3, sse4.1, sse4.2, popcnt, ht, tsc, tscinvbit

/proc/cpuinfo:
processor	: 0
vendor_id	: GenuineIntel
cpu family	: 6
model		: 37
model name	: Intel(R) Core(TM) i3 CPU       M 350  @ 2.27GHz
stepping	: 5
microcode	: 0x7
cpu MHz		: 2260.899
cache size	: 3072 KB
physical id	: 0
siblings	: 4
core id		: 0
cpu cores	: 2
apicid		: 0
initial apicid	: 0
fpu		: yes
fpu_exception	: yes
cpuid level	: 11
wp		: yes
flags		: fpu vme de pse tsc msr pae mce cx8 apic sep mtrr pge mca cmov pat pse36 clflush dts acpi mmx fxsr sse sse2 ss ht tm pbe syscall nx rdtscp lm constant_tsc arch_perfmon pebs bts rep_good nopl xtopology nonstop_tsc cpuid aperfmperf pni dtes64 monitor ds_cpl vmx est tm2 ssse3 cx16 xtpr pdcm pcid sse4_1 sse4_2 popcnt lahf_lm pti ssbd ibrs ibpb stibp tpr_shadow vnmi flexpriority ept vpid dtherm arat flush_l1d
bugs		: cpu_meltdown spectre_v1 spectre_v2 spec_store_bypass l1tf mds
bogomips	: 4521.77
clflush size	: 64
cache_alignment	: 64
address sizes	: 36 bits physical, 48 bits virtual
power management:

processor	: 1
vendor_id	: GenuineIntel
cpu family	: 6
model		: 37
model name	: Intel(R) Core(TM) i3 CPU       M 350  @ 2.27GHz
stepping	: 5
microcode	: 0x7
cpu MHz		: 2260.891
cache size	: 3072 KB
physical id	: 0
siblings	: 4
core id		: 0
cpu cores	: 2
apicid		: 1
initial apicid	: 1
fpu		: yes
fpu_exception	: yes
cpuid level	: 11
wp		: yes
flags		: fpu vme de pse tsc msr pae mce cx8 apic sep mtrr pge mca cmov pat pse36 clflush dts acpi mmx fxsr sse sse2 ss ht tm pbe syscall nx rdtscp lm constant_tsc arch_perfmon pebs bts rep_good nopl xtopology nonstop_tsc cpuid aperfmperf pni dtes64 monitor ds_cpl vmx est tm2 ssse3 cx16 xtpr pdcm pcid sse4_1 sse4_2 popcnt lahf_lm pti ssbd ibrs ibpb stibp tpr_shadow vnmi flexpriority ept vpid dtherm arat flush_l1d
bugs		: cpu_meltdown spectre_v1 spectre_v2 spec_store_bypass l1tf mds
bogomips	: 4521.77
clflush size	: 64
cache_alignment	: 64
address sizes	: 36 bits physical, 48 bits virtual
power management:

processor	: 2
vendor_id	: GenuineIntel
cpu family	: 6
model		: 37
model name	: Intel(R) Core(TM) i3 CPU       M 350  @ 2.27GHz
stepping	: 5
microcode	: 0x7
cpu MHz		: 2260.885
cache size	: 3072 KB
physical id	: 0
siblings	: 4
core id		: 2
cpu cores	: 2
apicid		: 4
initial apicid	: 4
fpu		: yes
fpu_exception	: yes
cpuid level	: 11
wp		: yes
flags		: fpu vme de pse tsc msr pae mce cx8 apic sep mtrr pge mca cmov pat pse36 clflush dts acpi mmx fxsr sse sse2 ss ht tm pbe syscall nx rdtscp lm constant_tsc arch_perfmon pebs bts rep_good nopl xtopology nonstop_tsc cpuid aperfmperf pni dtes64 monitor ds_cpl vmx est tm2 ssse3 cx16 xtpr pdcm pcid sse4_1 sse4_2 popcnt lahf_lm pti ssbd ibrs ibpb stibp tpr_shadow vnmi flexpriority ept vpid dtherm arat flush_l1d
bugs		: cpu_meltdown spectre_v1 spectre_v2 spec_store_bypass l1tf mds
bogomips	: 4521.77
clflush size	: 64
cache_alignment	: 64
address sizes	: 36 bits physical, 48 bits virtual
power management:

processor	: 3
vendor_id	: GenuineIntel
cpu family	: 6
model		: 37
model name	: Intel(R) Core(TM) i3 CPU       M 350  @ 2.27GHz
stepping	: 5
microcode	: 0x7
cpu MHz		: 2260.885
cache size	: 3072 KB
physical id	: 0
siblings	: 4
core id		: 2
cpu cores	: 2
apicid		: 5
initial apicid	: 5
fpu		: yes
fpu_exception	: yes
cpuid level	: 11
wp		: yes
flags		: fpu vme de pse tsc msr pae mce cx8 apic sep mtrr pge mca cmov pat pse36 clflush dts acpi mmx fxsr sse sse2 ss ht tm pbe syscall nx rdtscp lm constant_tsc arch_perfmon pebs bts rep_good nopl xtopology nonstop_tsc cpuid aperfmperf pni dtes64 monitor ds_cpl vmx est tm2 ssse3 cx16 xtpr pdcm pcid sse4_1 sse4_2 popcnt lahf_lm pti ssbd ibrs ibpb stibp tpr_shadow vnmi flexpriority ept vpid dtherm arat flush_l1d
bugs		: cpu_meltdown spectre_v1 spectre_v2 spec_store_bypass l1tf mds
bogomips	: 4521.77
clflush size	: 64
cache_alignment	: 64
address sizes	: 36 bits physical, 48 bits virtual
power management:



Memory: 4k page, physical 7833004k(1091856k free), swap 2097148k(2097148k free)

vm_info: Java HotSpot(TM) 64-Bit Server VM (25.191-b12) for linux-amd64 JRE (1.8.0_191-b12), built on Oct  6 2018 05:43:09 by "java_re" with gcc 7.3.0

time: Thu Aug  1 20:26:52 2019
elapsed time: 5 seconds (0d 0h 0m 5s)

